  icode   ic inum1 inum2 inum3   subed  recmonps reccnstps  flow(m^3)   sed(t)      orgn(kg)    orgp(kg)    nitrate(kg) sol.p(kg)   sol.pst(mg) sor.pst(mg)
       1        1        1        0        0        0                         0.5980E+09  0.2188E+06  0.3034E+06  0.5106E+05  0.9584E+06  0.8698E+04  0.0000E+00  0.0000E+00
       1        2        2        0        0        0                         0.1055E+10  0.3421E+06  0.2962E+06  0.5840E+05  0.1327E+07  0.1519E+05  0.0000E+00  0.0000E+00
       1        3        3        0        0        0                         0.4701E+08  0.4648E+05  0.6729E+04  0.3620E+04  0.1062E+06  0.7262E+03  0.0000E+00  0.0000E+00
       1        4        4        0        0        0                         0.9183E+09  0.2446E+06  0.1787E+06  0.3850E+05  0.1416E+07  0.1426E+05  0.0000E+00  0.0000E+00
       1        5        5        0        0        0                         0.4393E+09  0.1244E+06  0.2328E+05  0.1127E+05  0.5163E+06  0.6569E+04  0.0000E+00  0.0000E+00
       1        6        6        0        0        0                         0.5437E+09  0.4004E+06  0.4167E+05  0.2169E+05  0.8093E+06  0.6834E+04  0.0000E+00  0.0000E+00
       1        7        7        0        0        0                         0.1858E+10  0.6621E+06  0.1162E+06  0.5591E+05  0.2213E+07  0.2842E+05  0.0000E+00  0.0000E+00
       1        8        8        0        0        0                         0.1837E+09  0.1095E+06  0.1884E+05  0.9618E+04  0.7501E+06  0.2799E+04  0.0000E+00  0.0000E+00
       1        9        9        0        0        0                         0.6746E+08  0.3215E+05  0.6494E+05  0.1018E+05  0.2785E+06  0.9343E+03  0.0000E+00  0.0000E+00
       1       10       10        0        0        0                         0.5275E+09  0.3919E+06  0.1323E+06  0.3232E+05  0.1353E+07  0.5097E+04  0.0000E+00  0.0000E+00
       1       11       11        0        0        0                         0.8811E+09  0.2087E+06  0.3277E+05  0.1833E+05  0.2438E+07  0.1256E+05  0.0000E+00  0.0000E+00
       1       12       12        0        0        0                         0.6538E+09  0.3248E+06  0.2027E+06  0.4073E+05  0.2207E+07  0.8368E+04  0.0000E+00  0.0000E+00
       1       13       13        0        0        0                         0.2150E+10  0.1723E+07  0.3999E+07  0.5846E+06  0.8156E+07  0.2604E+05  0.0000E+00  0.0000E+00
       1       14       14        0        0        0                         0.1824E+10  0.1441E+07  0.1379E+07  0.2325E+06  0.5201E+07  0.2243E+05  0.0000E+00  0.0000E+00
       1       15       15        0        0        0                         0.2296E+09  0.1616E+06  0.2155E+06  0.3638E+05  0.8743E+06  0.3066E+04  0.0000E+00  0.0000E+00
       1       16       16        0        0        0                         0.4762E+09  0.1780E+06  0.6827E+05  0.1923E+05  0.1922E+07  0.6654E+04  0.0000E+00  0.0000E+00
       1       17       17        0        0        0                         0.1086E+10  0.3432E+06  0.4478E+06  0.7395E+05  0.3220E+07  0.1299E+05  0.0000E+00  0.0000E+00
       1       18       18        0        0        0                         0.7952E+09  0.4238E+06  0.5808E+05  0.3093E+05  0.1599E+07  0.1057E+05  0.0000E+00  0.0000E+00
       1       19       19        0        0        0                         0.1052E+10  0.2822E+06  0.7107E+06  0.1041E+06  0.2322E+07  0.1213E+05  0.0000E+00  0.0000E+00
       1       20       20        0        0        0                         0.8711E+09  0.3797E+06  0.9635E+06  0.1459E+06  0.4557E+07  0.1090E+05  0.0000E+00  0.0000E+00
       1       21       21        0        0        0                         0.2173E+09  0.1026E+06  0.1931E+05  0.9630E+04  0.7705E+06  0.3168E+04  0.0000E+00  0.0000E+00
       1       22       22        0        0        0                         0.3099E+09  0.4034E+06  0.5866E+05  0.3002E+05  0.1398E+07  0.4032E+04  0.0000E+00  0.0000E+00
       1       23       23        0        0        0                         0.7518E+09  0.3330E+06  0.4936E+05  0.2504E+05  0.1070E+07  0.1080E+05  0.0000E+00  0.0000E+00
       1       24       24        0        0        0                         0.6528E+09  0.1613E+06  0.4277E+06  0.6481E+05  0.1593E+07  0.7810E+04  0.0000E+00  0.0000E+00
       1       25       25        0        0        0                         0.5627E+09  0.2591E+06  0.5454E+06  0.8146E+05  0.2011E+07  0.6577E+04  0.0000E+00  0.0000E+00
       1       26       26        0        0        0                         0.4744E+09  0.9835E+05  0.1612E+05  0.8566E+04  0.8457E+06  0.6750E+04  0.0000E+00  0.0000E+00
       1       27       27        0        0        0                         0.1453E+10  0.7362E+06  0.4860E+06  0.1020E+06  0.2980E+07  0.2112E+05  0.0000E+00  0.0000E+00
       1       28       28        0        0        0                         0.1160E+10  0.4134E+06  0.6242E+05  0.3195E+05  0.1873E+07  0.1650E+05  0.0000E+00  0.0000E+00
       1       29       29        0        0        0                         0.3265E+09  0.6398E+05  0.2006E+06  0.3108E+05  0.1304E+07  0.3878E+04  0.0000E+00  0.0000E+00
       1       30       30        0        0        0                         0.1544E+10  0.9063E+06  0.1128E+07  0.1851E+06  0.4927E+07  0.1755E+05  0.0000E+00  0.0000E+00
       1       31       31        0        0        0                         0.2120E+10  0.1703E+07  0.5066E+06  0.1703E+06  0.9036E+07  0.2798E+05  0.0000E+00  0.0000E+00
       1       32       32        0        0        0                         0.2268E+09  0.2127E+06  0.2331E+06  0.3893E+05  0.5129E+06  0.3023E+04  0.0000E+00  0.0000E+00
       1       33       33        0        0        0                         0.6033E+09  0.2193E+06  0.2702E+06  0.4796E+05  0.1993E+07  0.7616E+04  0.0000E+00  0.0000E+00
       1       34       34        0        0        0                         0.4921E+09  0.4390E+06  0.8331E+05  0.2691E+05  0.8763E+06  0.6767E+04  0.0000E+00  0.0000E+00
       1       35       35        0        0        0                         0.1003E+10  0.6368E+06  0.4294E+06  0.8417E+05  0.1878E+07  0.1253E+05  0.0000E+00  0.0000E+00
       1       36       36        0        0        0                         0.5365E+09  0.1358E+06  0.2120E+05  0.1124E+05  0.5041E+06  0.6397E+04  0.0000E+00  0.0000E+00
       1       37       37        0        0        0                         0.1061E+10  0.6680E+06  0.8793E+05  0.4657E+05  0.1630E+07  0.1322E+05  0.0000E+00  0.0000E+00
       1       38       38        0        0        0                         0.3245E+09  0.3447E+05  0.5889E+04  0.3336E+04  0.1885E+06  0.2428E+04  0.0000E+00  0.0000E+00
       2       39        1        1        0        0                         0.5978E+09  0.2188E+06  0.2537E+06  0.3616E+05  0.9238E+06  0.1544E+05  0.0000E+00  0.0000E+00
       5       40        3       39        0        0                         0.6448E+09  0.2653E+06  0.2604E+06  0.3978E+05  0.1030E+07  0.1616E+05  0.0000E+00  0.0000E+00
       2       41        2        2        0        0                         0.1055E+10  0.3421E+06  0.2380E+06  0.3860E+05  0.1304E+07  0.2661E+05  0.0000E+00  0.0000E+00
       5       42       40       41        0        0                         0.1700E+10  0.6073E+06  0.4983E+06  0.7838E+05  0.2334E+07  0.4277E+05  0.0000E+00  0.0000E+00
       2       43        3       42        0        0                         0.1699E+10  0.6026E+06  0.4065E+06  0.5459E+05  0.2295E+07  0.5711E+05  0.0000E+00  0.0000E+00
       5       44        5       43        0        0                         0.2139E+10  0.7270E+06  0.4298E+06  0.6586E+05  0.2812E+07  0.6368E+05  0.0000E+00  0.0000E+00
       2       45        4        4        0        0                         0.9172E+09  0.2446E+06  0.1777E+06  0.3215E+05  0.1353E+07  0.1526E+05  0.0000E+00  0.0000E+00
       5       46       44       45        0        0                         0.3056E+10  0.9716E+06  0.6074E+06  0.9801E+05  0.4165E+07  0.7894E+05  0.0000E+00  0.0000E+00
       2       47        5       46        0        0                         0.3053E+10  0.9685E+06  0.4714E+06  0.6337E+05  0.4131E+07  0.1026E+06  0.0000E+00  0.0000E+00
       5       48        8       47        0        0                         0.3236E+10  0.1078E+07  0.4902E+06  0.7299E+05  0.4881E+07  0.1054E+06  0.0000E+00  0.0000E+00
       2       49        6        6        0        0                         0.5436E+09  0.4004E+06  0.6052E+05  0.2009E+05  0.7708E+06  0.7698E+04  0.0000E+00  0.0000E+00
       5       50       48       49        0        0                         0.3780E+10  0.1478E+07  0.5507E+06  0.9308E+05  0.5652E+07  0.1130E+06  0.0000E+00  0.0000E+00
      11       51        1        0        0        0                   8p    0.0000E+00  0.0000E+00  0.0000E+00  0.0000E+00  0.0000E+00  0.0000E+00  0.0000E+00  0.0000E+00
       5       52       50       51        0        0                         0.3780E+10  0.1478E+07  0.5507E+06  0.9308E+05  0.5652E+07  0.1130E+06  0.0000E+00  0.0000E+00
       2       53        8       52        0        0                         0.3778E+10  0.1467E+07  0.5021E+06  0.7474E+05  0.5538E+07  0.1242E+06  0.0000E+00  0.0000E+00
       5       54        9       53        0        0                         0.3845E+10  0.1499E+07  0.5670E+06  0.8492E+05  0.5816E+07  0.1251E+06  0.0000E+00  0.0000E+00
       7       55        1        0        0        0        7p               0.9305E+10  0.0000E+00  0.4490E+06  0.0000E+00  0.2694E+07  0.0000E+00  0.0000E+00  0.0000E+00
       5       56        7       55        0        0                         0.1116E+11  0.6621E+06  0.5652E+06  0.5591E+05  0.4907E+07  0.2842E+05  0.0000E+00  0.0000E+00
       2       57        7       56        0        0                         0.1116E+11  0.6621E+06  0.4463E+06  0.3997E+05  0.4887E+07  0.4089E+05  0.0000E+00  0.0000E+00
       5       58       54       57        0        0                         0.1500E+11  0.2161E+07  0.1013E+07  0.1249E+06  0.1070E+08  0.1660E+06  0.0000E+00  0.0000E+00
       2       59        9       58        0        0                         0.1500E+11  0.2161E+07  0.8195E+06  0.8954E+05  0.1065E+08  0.1983E+06  0.0000E+00  0.0000E+00
       5       60       16       59        0        0                         0.1548E+11  0.2339E+07  0.8878E+06  0.1088E+06  0.1257E+08  0.2050E+06  0.0000E+00  0.0000E+00
       2       61       10       10        0        0                         0.5271E+09  0.3919E+06  0.1538E+06  0.3249E+05  0.1281E+07  0.6083E+04  0.0000E+00  0.0000E+00
       5       62       60       61        0        0                         0.1601E+11  0.2731E+07  0.1042E+07  0.1413E+06  0.1385E+08  0.2111E+06  0.0000E+00  0.0000E+00
       2       63       16       62        0        0                         0.1600E+11  0.2731E+07  0.8798E+06  0.1065E+06  0.1374E+08  0.2414E+06  0.0000E+00  0.0000E+00
       5       64       27       63        0        0                         0.1746E+11  0.3467E+07  0.1366E+07  0.2084E+06  0.1672E+08  0.2625E+06  0.0000E+00  0.0000E+00
       2       65       11       11        0        0                         0.8794E+09  0.2087E+06  0.5959E+05  0.2089E+05  0.2361E+07  0.7814E+04  0.0000E+00  0.0000E+00
       5       66       15       65        0        0                         0.1109E+10  0.3703E+06  0.2751E+06  0.5727E+05  0.3235E+07  0.1088E+05  0.0000E+00  0.0000E+00
       2       67       12       12        0        0                         0.6534E+09  0.3248E+06  0.2273E+06  0.4006E+05  0.2108E+07  0.9144E+04  0.0000E+00  0.0000E+00
       5       68       66       67        0        0                         0.1762E+10  0.6951E+06  0.5024E+06  0.9733E+05  0.5343E+07  0.2002E+05  0.0000E+00  0.0000E+00
       2       69       15       68        0        0                         0.1761E+10  0.6919E+06  0.4713E+06  0.7722E+05  0.5273E+07  0.3499E+05  0.0000E+00  0.0000E+00
       5       70       64       69        0        0                         0.1922E+11  0.4159E+07  0.1837E+07  0.2857E+06  0.2200E+08  0.2975E+06  0.0000E+00  0.0000E+00
       7       71        2        0        0        0       27p               0.0000E+00  0.0000E+00  0.0000E+00  0.0000E+00  0.0000E+00  0.0000E+00  0.0000E+00  0.0000E+00
       5       72       70       71        0        0                         0.1922E+11  0.4159E+07  0.1837E+07  0.2857E+06  0.2200E+08  0.2975E+06  0.0000E+00  0.0000E+00
       2       73       27       72        0        0                         0.1920E+11  0.4159E+07  0.1405E+07  0.1796E+06  0.2188E+08  0.3892E+06  0.0000E+00  0.0000E+00
       5       74       32       73        0        0                         0.1943E+11  0.4372E+07  0.1639E+07  0.2186E+06  0.2240E+08  0.3923E+06  0.0000E+00  0.0000E+00
      11       75        2        0        0        0                  13p    0.0000E+00  0.0000E+00  0.0000E+00  0.0000E+00  0.0000E+00  0.0000E+00  0.0000E+00  0.0000E+00
       5       76       13       75        0        0                         0.2150E+10  0.1723E+07  0.3999E+07  0.5846E+06  0.8156E+07  0.2604E+05  0.0000E+00  0.0000E+00
       2       77       13       76        0        0                         0.2146E+10  0.1695E+07  0.3026E+07  0.3617E+06  0.8047E+07  0.7686E+05  0.0000E+00  0.0000E+00
       5       78       20       77        0        0                         0.3017E+10  0.2075E+07  0.3989E+07  0.5077E+06  0.1260E+08  0.8776E+05  0.0000E+00  0.0000E+00
      11       79        3        0        0        0                  14p    0.0000E+00  0.0000E+00  0.0000E+00  0.0000E+00  0.0000E+00  0.0000E+00  0.0000E+00  0.0000E+00
       5       80       14       79        0        0                         0.1824E+10  0.1441E+07  0.1379E+07  0.2325E+06  0.5201E+07  0.2243E+05  0.0000E+00  0.0000E+00
       2       81       14       80        0        0                         0.1821E+10  0.1423E+07  0.1112E+07  0.1554E+06  0.5084E+07  0.5506E+05  0.0000E+00  0.0000E+00
       5       82       78       81        0        0                         0.4838E+10  0.3497E+07  0.5101E+07  0.6631E+06  0.1769E+08  0.1428E+06  0.0000E+00  0.0000E+00
      11       83        4        0        0        0                  20p    0.0000E+00  0.0000E+00  0.0000E+00  0.0000E+00  0.0000E+00  0.0000E+00  0.0000E+00  0.0000E+00
       5       84       82       83        0        0                         0.4838E+10  0.3497E+07  0.5101E+07  0.6631E+06  0.1769E+08  0.1428E+06  0.0000E+00  0.0000E+00
       2       85       20       84        0        0                         0.4834E+10  0.3414E+07  0.3881E+07  0.4167E+06  0.1740E+08  0.2937E+06  0.0000E+00  0.0000E+00
       5       86       25       85        0        0                         0.5397E+10  0.3673E+07  0.4427E+07  0.4982E+06  0.1942E+08  0.3002E+06  0.0000E+00  0.0000E+00
       2       87       17       17        0        0                         0.1085E+10  0.3432E+06  0.4331E+06  0.6370E+05  0.3088E+07  0.1805E+05  0.0000E+00  0.0000E+00
       5       88       21       87        0        0                         0.1302E+10  0.4459E+06  0.4524E+06  0.7333E+05  0.3859E+07  0.2122E+05  0.0000E+00  0.0000E+00
       2       89       18       18        0        0                         0.7945E+09  0.4238E+06  0.9541E+05  0.3121E+05  0.1518E+07  0.9755E+04  0.0000E+00  0.0000E+00
       5       90       88       89        0        0                         0.2097E+10  0.8696E+06  0.5478E+06  0.1045E+06  0.5376E+07  0.3098E+05  0.0000E+00  0.0000E+00
      11       91        5        0        0        0                  21p    0.0000E+00  0.0000E+00  0.0000E+00  0.0000E+00  0.0000E+00  0.0000E+00  0.0000E+00  0.0000E+00
       5       92       90       91        0        0                         0.2097E+10  0.8696E+06  0.5478E+06  0.1045E+06  0.5376E+07  0.3098E+05  0.0000E+00  0.0000E+00
       2       93       21       92        0        0                         0.2095E+10  0.8600E+06  0.4694E+06  0.7526E+05  0.5325E+07  0.5055E+05  0.0000E+00  0.0000E+00
       5       94       22       93        0        0                         0.2405E+10  0.1263E+07  0.5281E+06  0.1053E+06  0.6723E+07  0.5458E+05  0.0000E+00  0.0000E+00
       2       95       19       19        0        0                         0.1051E+10  0.2822E+06  0.6481E+06  0.8498E+05  0.2188E+07  0.1838E+05  0.0000E+00  0.0000E+00
       5       96       86       95        0        0                         0.6448E+10  0.3955E+07  0.5075E+07  0.5832E+06  0.2160E+08  0.3186E+06  0.0000E+00  0.0000E+00
      11       97        6        0        0        0                  25p    0.0000E+00  0.0000E+00  0.0000E+00  0.0000E+00  0.0000E+00  0.0000E+00  0.0000E+00  0.0000E+00
       5       98       96       97        0        0                         0.6448E+10  0.3955E+07  0.5075E+07  0.5832E+06  0.2160E+08  0.3186E+06  0.0000E+00  0.0000E+00
       2       99       25       98        0        0                         0.6444E+10  0.3926E+07  0.3844E+07  0.3690E+06  0.2136E+08  0.4570E+06  0.0000E+00  0.0000E+00
       5      100       29       99        0        0                         0.6771E+10  0.3990E+07  0.4045E+07  0.4001E+06  0.2266E+08  0.4609E+06  0.0000E+00  0.0000E+00
       2      101       23       23        0        0                         0.7506E+09  0.3330E+06  0.5736E+05  0.1976E+05  0.1039E+07  0.1283E+05  0.0000E+00  0.0000E+00
       5      102       28      101        0        0                         0.1911E+10  0.7463E+06  0.1198E+06  0.5172E+05  0.2912E+07  0.2932E+05  0.0000E+00  0.0000E+00
       2      103       24       24        0        0                         0.6521E+09  0.1613E+06  0.3959E+06  0.5370E+05  0.1499E+07  0.1106E+05  0.0000E+00  0.0000E+00
       5      104      100      103        0        0                         0.7423E+10  0.4151E+07  0.4441E+07  0.4538E+06  0.2416E+08  0.4720E+06  0.0000E+00  0.0000E+00
       2      105       29      104        0        0                         0.7419E+10  0.3941E+07  0.3372E+07  0.2923E+06  0.2396E+08  0.5834E+06  0.0000E+00  0.0000E+00
       5      106       30      105        0        0                         0.8964E+10  0.4847E+07  0.4500E+07  0.4774E+06  0.2889E+08  0.6009E+06  0.0000E+00  0.0000E+00
       2      107       26       26        0        0                         0.4742E+09  0.9835E+05  0.2910E+05  0.9735E+04  0.8069E+06  0.4052E+04  0.0000E+00  0.0000E+00
       5      108      102      107        0        0                         0.2385E+10  0.8447E+06  0.1489E+06  0.6145E+05  0.3719E+07  0.3337E+05  0.0000E+00  0.0000E+00
       2      109       28      108        0        0                         0.2381E+10  0.8397E+06  0.1407E+06  0.4207E+05  0.3674E+07  0.4624E+05  0.0000E+00  0.0000E+00
       5      110       74      109        0        0                         0.2181E+11  0.5212E+07  0.1779E+07  0.2607E+06  0.2607E+08  0.4385E+06  0.0000E+00  0.0000E+00
      11      111        7        0        0        0                  32p    0.0000E+00  0.0000E+00  0.0000E+00  0.0000E+00  0.0000E+00  0.0000E+00  0.0000E+00  0.0000E+00
       5      112      110      111        0        0                         0.2181E+11  0.5212E+07  0.1779E+07  0.2607E+06  0.2607E+08  0.4385E+06  0.0000E+00  0.0000E+00
       2      113       32      112        0        0                         0.2181E+11  0.5212E+07  0.1335E+07  0.1612E+06  0.2599E+08  0.5242E+06  0.0000E+00  0.0000E+00
       5      114       35      113        0        0                         0.2281E+11  0.5848E+07  0.1764E+07  0.2453E+06  0.2787E+08  0.5367E+06  0.0000E+00  0.0000E+00
      11      115        8        0        0        0                  33p    0.0000E+00  0.0000E+00  0.0000E+00  0.0000E+00  0.0000E+00  0.0000E+00  0.0000E+00  0.0000E+00
       5      116       33      115        0        0                         0.6033E+09  0.2193E+06  0.2702E+06  0.4796E+05  0.1993E+07  0.7616E+04  0.0000E+00  0.0000E+00
       2      117       33      116        0        0                         0.6029E+09  0.2190E+06  0.3088E+06  0.4934E+05  0.1855E+07  0.6792E+04  0.0000E+00  0.0000E+00
       5      118      106      117        0        0                         0.9567E+10  0.5066E+07  0.4809E+07  0.5268E+06  0.3074E+08  0.6077E+06  0.0000E+00  0.0000E+00
      11      119        9        0        0        0                  30p    0.0000E+00  0.0000E+00  0.0000E+00  0.0000E+00  0.0000E+00  0.0000E+00  0.0000E+00  0.0000E+00
       5      120      118      119        0        0                         0.9567E+10  0.5066E+07  0.4809E+07  0.5268E+06  0.3074E+08  0.6077E+06  0.0000E+00  0.0000E+00
       2      121       30      120        0        0                         0.9556E+10  0.4970E+07  0.3743E+07  0.3530E+06  0.3031E+08  0.7274E+06  0.0000E+00  0.0000E+00
       5      122       94      121        0        0                         0.1196E+11  0.6233E+07  0.4271E+07  0.4583E+06  0.3703E+08  0.7820E+06  0.0000E+00  0.0000E+00
       2      123       22      122        0        0                         0.1196E+11  0.6208E+07  0.3270E+07  0.2965E+06  0.3687E+08  0.9120E+06  0.0000E+00  0.0000E+00
       5      124       31      123        0        0                         0.1408E+11  0.7911E+07  0.3776E+07  0.4668E+06  0.4590E+08  0.9400E+06  0.0000E+00  0.0000E+00
      11      125       10        0        0        0                  31p    0.0000E+00  0.0000E+00  0.0000E+00  0.0000E+00  0.0000E+00  0.0000E+00  0.0000E+00  0.0000E+00
       5      126      124      125        0        0                         0.1408E+11  0.7911E+07  0.3776E+07  0.4668E+06  0.4590E+08  0.9400E+06  0.0000E+00  0.0000E+00
       2      127       31      126        0        0                         0.1406E+11  0.7525E+07  0.2887E+07  0.2972E+06  0.4559E+08  0.1073E+07  0.0000E+00  0.0000E+00
       5      128      114      127        0        0                         0.3687E+11  0.1337E+08  0.4651E+07  0.5426E+06  0.7346E+08  0.1610E+07  0.0000E+00  0.0000E+00
       2      129       35      128        0        0                         0.3685E+11  0.1325E+08  0.3478E+07  0.3357E+06  0.7326E+08  0.1782E+07  0.0000E+00  0.0000E+00
       5      130       36      129        0        0                         0.3739E+11  0.1338E+08  0.3499E+07  0.3469E+06  0.7376E+08  0.1788E+07  0.0000E+00  0.0000E+00
       2      131       34       34        0        0                         0.4918E+09  0.4390E+06  0.1112E+06  0.2681E+05  0.8080E+06  0.7226E+04  0.0000E+00  0.0000E+00
       5      132      130      131        0        0                         0.3788E+11  0.1382E+08  0.3611E+07  0.3737E+06  0.7457E+08  0.1796E+07  0.0000E+00  0.0000E+00
       2      133       36      132        0        0                         0.3787E+11  0.1371E+08  0.2667E+07  0.2278E+06  0.7447E+08  0.1921E+07  0.0000E+00  0.0000E+00
       5      134       38      133        0        0                         0.3819E+11  0.1375E+08  0.2673E+07  0.2312E+06  0.7466E+08  0.1923E+07  0.0000E+00  0.0000E+00
       2      135       37       37        0        0                         0.1060E+10  0.6680E+06  0.1048E+06  0.3599E+05  0.1580E+07  0.2006E+05  0.0000E+00  0.0000E+00
       5      136      134      135        0        0                         0.3925E+11  0.1441E+08  0.2778E+07  0.2672E+06  0.7624E+08  0.1943E+07  0.0000E+00  0.0000E+00
       2      137       38      136        0        0                         0.3925E+11  0.1426E+08  0.2060E+07  0.1651E+06  0.7618E+08  0.2031E+07  0.0000E+00  0.0000E+00
      14      137        1        0        0        0                         0.3925E+11  0.1426E+08  0.2060E+07  0.1651E+06  0.7618E+08  0.2031E+07  0.0000E+00  0.0000E+00
